<?xml version="1.0" encoding="utf-8"?><testsuites><testsuite errors="0" failures="0" hostname="BoyuandeMacBook-Pro.local" name="pytest" skipped="0" tests="7" time="0.044" timestamp="2020-11-26T18:27:31.478623"><testcase classname="test_calc.TestCalclater" name="test_add1" time="0.001" /><testcase classname="test_calc.TestCalclater" name="test_add2" time="0.001" /><testcase classname="test_calc.TestCalclater" name="test_add3" time="0.000" /><testcase classname="test_calc.TestCalclater" name="test_add4" time="0.001" /><testcase classname="test_calc.TestCalclater" name="test_add5" time="0.001" /><testcase classname="test_calc.TestCalclater" name="test_div1" time="0.000" /><testcase classname="test_calc.TestCalclater" name="test_div2" time="0.001" /></testsuite></testsuites>